{
  "RSpec": {
    "coverage": {
      "/app/src/manipulate_db.rb": {
        "lines": [
          1,
          1,
          1,
          null,
          1,
          1,
          null,
          1,
          26,
          26,
          26,
          null,
          null,
          null,
          null,
          null,
          null,
          null,
          null,
          null,
          1,
          24,
          null,
          24,
          null,
          24,
          508,
          8128,
          8128,
          null,
          null,
          null,
          24,
          null,
          24,
          null,
          null,
          null,
          null,
          null,
          null,
          null,
          null,
          null,
          null,
          null,
          null,
          null,
          null,
          null,
          null,
          null,
          null,
          null,
          24,
          null,
          24,
          508,
          null,
          null,
          null,
          null,
          null,
          null,
          null,
          null,
          null,
          null,
          null,
          null,
          null,
          null,
          null,
          null,
          null,
          null,
          null,
          null,
          null,
          null,
          null,
          null,
          null,
          null,
          null,
          null,
          null,
          null,
          null,
          null,
          null,
          null,
          null,
          null,
          null,
          null,
          null,
          null,
          1,
          16,
          16,
          null,
          16,
          null,
          null,
          1,
          2,
          null,
          2,
          null,
          2,
          42,
          672,
          672,
          null,
          null,
          null,
          2,
          null,
          2,
          null,
          null,
          null,
          null,
          null,
          null,
          null,
          null,
          null,
          null,
          null,
          null,
          null,
          null,
          null,
          null,
          null,
          null,
          null,
          2,
          42,
          null,
          null,
          null,
          null,
          null,
          null,
          null,
          null,
          null,
          null,
          null,
          null,
          null,
          null,
          null,
          null,
          null,
          null,
          null,
          null,
          null,
          null,
          null,
          null,
          null,
          null,
          null,
          null,
          null,
          null,
          null,
          null,
          null,
          null,
          null,
          null,
          null,
          null,
          null,
          null,
          null
        ]
      },
      "/app/src/queries.rb": {
        "lines": [
          1,
          1,
          1,
          1,
          null,
          1,
          1,
          null,
          1,
          21,
          null,
          null,
          null,
          1,
          2,
          2,
          2,
          10,
          null,
          2,
          null,
          null,
          1,
          3,
          3,
          3,
          10,
          null,
          3,
          null,
          null,
          1,
          3,
          null,
          null,
          null,
          null,
          3,
          null,
          null,
          1,
          3,
          null,
          null,
          null,
          null,
          3,
          null,
          null,
          1,
          14,
          null,
          null,
          null,
          14,
          14,
          169,
          null,
          14,
          null,
          null,
          1,
          4,
          3,
          3,
          9,
          null,
          3,
          3,
          9,
          null,
          null,
          null,
          null,
          null,
          9,
          9,
          null,
          9,
          9,
          9,
          null,
          117,
          null,
          null,
          null,
          117,
          null,
          null,
          9,
          null,
          null,
          null,
          null,
          null,
          null,
          null,
          null,
          null,
          null,
          null,
          null,
          9,
          null,
          3,
          null,
          null,
          1,
          3,
          null,
          null,
          null,
          null,
          null,
          3,
          3,
          null,
          2,
          2,
          2,
          null,
          26,
          null,
          null,
          null,
          26,
          null,
          null,
          2,
          null,
          null,
          null,
          null,
          null,
          null,
          null,
          null,
          null,
          null,
          null,
          null,
          null,
          null,
          1,
          null,
          1,
          21,
          21,
          null,
          null,
          null,
          null,
          null,
          null,
          null,
          null
        ]
      },
      "/app/server.rb": {
        "lines": [
          1,
          1,
          1,
          1,
          1,
          1,
          1,
          1,
          1,
          1,
          1,
          1,
          1,
          1,
          null,
          1,
          0,
          null,
          null,
          1,
          1,
          null,
          null,
          1,
          null,
          1,
          null,
          null,
          null,
          null,
          1,
          0,
          null,
          null,
          1,
          1,
          null,
          null,
          1,
          1,
          21,
          null,
          null,
          null,
          1,
          14,
          14,
          null,
          null,
          1,
          1,
          null,
          1,
          null,
          1,
          1,
          null,
          null,
          null,
          1,
          1,
          null,
          1,
          null,
          1,
          1,
          null,
          null,
          null,
          1,
          1,
          1,
          null,
          1,
          null,
          1,
          1,
          1,
          null,
          1,
          null,
          null,
          null,
          1,
          1,
          1,
          null,
          1,
          null,
          1,
          1,
          1,
          null,
          1,
          null,
          null,
          null,
          1,
          1,
          1,
          1,
          1,
          1,
          5,
          null,
          1,
          null,
          null,
          1,
          2,
          2,
          2,
          2,
          2,
          5,
          null,
          2,
          null,
          null,
          1,
          2,
          2,
          2,
          null,
          null,
          1,
          2,
          2,
          2,
          null,
          null,
          1,
          2,
          2,
          2,
          2,
          2,
          13,
          null,
          2,
          null,
          null,
          1,
          3,
          3,
          3,
          null,
          1,
          null,
          null,
          1,
          2,
          2,
          2,
          2,
          null,
          2,
          null,
          null,
          1,
          0,
          0,
          0,
          0,
          null,
          0,
          0,
          null,
          0,
          0,
          null,
          null,
          null,
          1,
          1,
          null,
          null,
          1,
          1,
          1,
          1,
          1,
          null,
          null,
          1,
          1,
          1,
          1,
          null,
          null,
          1,
          0,
          null,
          null,
          null,
          null,
          null
        ]
      },
      "/app/lib/workers/csv_import_worker.rb": {
        "lines": [
          1,
          1,
          1,
          null,
          1,
          1,
          null,
          1,
          0,
          0,
          0,
          0,
          0,
          null,
          null,
          null
        ]
      }
    },
    "timestamp": 1723792840
  }
}
